[2026-02-08 22:40:14] === 记忆更新守护进程启动 ===
[2026-02-08 22:40:14] 检查间隔: 2小时
[2026-02-08 22:40:14] 快照文件: /Users/gold/clawd/million-dollar-plan/SNAPSHOTS/latest.md
[2026-02-08 22:40:14] 状态文件: /Users/gold/clawd/million-dollar-plan/AUTO_STATUS.json
[2026-02-08 22:40:14] ✅ 快照已更新
[2026-02-08 22:40:14] 等待下一次检查...
[2026-02-09 00:40:14] 开始定期检查...
[2026-02-09 00:40:14] ✅ 快照已更新
[2026-02-09 00:40:14] ✅ 定期更新成功
[2026-02-09 00:40:14] 等待下一次检查...
[2026-02-09 02:40:14] 开始定期检查...
[2026-02-09 02:40:14] ✅ 快照已更新
[2026-02-09 02:40:14] ✅ 定期更新成功
[2026-02-09 02:40:14] 等待下一次检查...
[2026-02-09 04:40:14] 开始定期检查...
[2026-02-09 04:40:14] ✅ 快照已更新
[2026-02-09 04:40:14] ✅ 定期更新成功
[2026-02-09 04:40:14] 等待下一次检查...
[2026-02-09 06:40:14] 开始定期检查...
[2026-02-09 06:40:14] ✅ 快照已更新
[2026-02-09 06:40:14] ✅ 定期更新成功
[2026-02-09 06:40:14] 等待下一次检查...
