[2026-02-09 19:38:18] 
============================================================
[2026-02-09 19:38:18] 开始完整自动化流程
[2026-02-09 19:38:18] ============================================================

[2026-02-09 19:38:18] ============================================================
[2026-02-09 19:38:18] 检查依赖...
[2026-02-09 19:38:18] ============================================================
[2026-02-09 19:38:18] ✅ Python3: Python 3.14.2
[2026-02-09 19:38:18] ✅ requests: 已安装
[2026-02-09 19:38:20] ✅ BeautifulSoup: 已安装
[2026-02-09 19:38:20] ============================================================
[2026-02-09 19:38:20] 部署到服务器...
[2026-02-09 19:38:20] ============================================================
[2026-02-09 19:38:23] ❌ 主页上传失败: Permission denied, please try again.
Permission denied, please try again.
root@45.76.156.147: Permission denied (publickey,password).
scp: Connection closed

[2026-02-09 19:38:23] ⚠️  部署到服务器失败或跳过
[2026-02-09 19:38:23] ============================================================
[2026-02-09 19:38:23] 更新GitHub仓库...
[2026-02-09 19:38:23] ============================================================
