[2026-02-09 07:25:26] ✅ 无需唤醒
[2026-02-09 07:25:26] 检查API健康...
[2026-02-09 07:25:26] API健康检查: ❌ 异常
[2026-02-09 07:25:26] ⚠️  API异常
[2026-02-09 07:25:26] 监听文件变化...
[2026-02-09 07:25:26] 当前文件数: 18
[2026-02-09 07:25:26] ✅ 活动时间已更新
[2026-02-09 07:25:26] 等待 300 秒...
[2026-02-09 07:30:26] 检查超时...
[2026-02-09 07:30:26] 上次活动: 2026-02-09 07:25:26.800745
[2026-02-09 07:30:26] 已过去: 0:05:00.011841
[2026-02-09 07:30:26] 状态文件年龄: 0:05:00.011662
[2026-02-09 07:30:26] 唤醒阈值: 1:00:00
[2026-02-09 07:30:26] ✅ 正常监控中
[2026-02-09 07:30:26] ✅ 无需唤醒
[2026-02-09 07:30:26] 检查API健康...
[2026-02-09 07:30:26] API健康检查: ❌ 异常
[2026-02-09 07:30:26] ⚠️  API异常
[2026-02-09 07:30:26] 监听文件变化...
[2026-02-09 07:30:26] 当前文件数: 18
[2026-02-09 07:30:26] ✅ 活动时间已更新
[2026-02-09 07:30:26] 等待 300 秒...
[2026-02-09 07:35:26] 检查超时...
[2026-02-09 07:35:26] 上次活动: 2026-02-09 07:30:26.836438
[2026-02-09 07:35:26] 已过去: 0:05:00.012704
[2026-02-09 07:35:26] 状态文件年龄: 0:05:00.012495
[2026-02-09 07:35:26] 唤醒阈值: 1:00:00
[2026-02-09 07:35:26] ✅ 正常监控中
[2026-02-09 07:35:26] ✅ 无需唤醒
[2026-02-09 07:35:26] 检查API健康...
[2026-02-09 07:35:26] API健康检查: ❌ 异常
[2026-02-09 07:35:26] ⚠️  API异常
[2026-02-09 07:35:26] 监听文件变化...
[2026-02-09 07:35:26] 当前文件数: 18
[2026-02-09 07:35:26] ✅ 活动时间已更新
[2026-02-09 07:35:26] 等待 300 秒...
[2026-02-09 07:40:26] 检查超时...
[2026-02-09 07:40:26] 上次活动: 2026-02-09 07:35:26.879069
[2026-02-09 07:40:26] 已过去: 0:05:00.013168
[2026-02-09 07:40:26] 状态文件年龄: 0:05:00.012979
[2026-02-09 07:40:26] 唤醒阈值: 1:00:00
[2026-02-09 07:40:26] ✅ 正常监控中
[2026-02-09 07:40:26] ✅ 无需唤醒
[2026-02-09 07:40:26] 检查API健康...
[2026-02-09 07:40:26] API健康检查: ❌ 异常
[2026-02-09 07:40:26] ⚠️  API异常
[2026-02-09 07:40:26] 监听文件变化...
[2026-02-09 07:40:26] 当前文件数: 18
[2026-02-09 07:40:26] ✅ 活动时间已更新
[2026-02-09 07:40:26] 等待 300 秒...
